<?xml version="1.0" encoding="UTF-8"?>
<!-- Generated by org.testng.reporters.JUnitXMLReporter -->
<testsuite ignored="0" hostname="Sudharshan" failures="0" tests="15" name="Default test" time="29.945" errors="0" timestamp="2025-09-07T18:48:41 IST">
  <testcase classname="testcases.E2ETest" name="verifyLoginPage" time="4.189"/>
  <testcase classname="testcases.E2ETest" name="verifySortLowestToHighest" time="0.269"/>
  <testcase classname="testcases.E2ETest" name="verifySortHighestToLowest" time="0.258"/>
  <testcase classname="testcases.E2ETest" name="verifyGoogleFilter" time="0.122"/>
  <testcase classname="testcases.E2ETest" name="verifyAddPixel4" time="0.233"/>
  <testcase classname="testcases.E2ETest" name="verifyIncreaseQuantity" time="0.191"/>
  <testcase classname="testcases.E2ETest" name="verifyCloseCart" time="0.183"/>
  <testcase classname="testcases.E2ETest" name="verifyAddPixel3" time="0.16"/>
  <testcase classname="testcases.E2ETest" name="verifyCheckoutStart" time="0.479"/>
  <testcase classname="testcases.E2ETest" name="verifyAddressEntry" time="5.113"/>
  <testcase classname="testcases.E2ETest" name="verifyReceiptDownload" time="0.123"/>
  <testcase classname="testcases.E2ETest" name="verifyContinueShopping" time="0.357"/>
  <testcase classname="testcases.E2ETest" name="verifyAddPixel4ToFavourites" time="0.319"/>
  <testcase classname="testcases.E2ETest" name="verifyOfferPageNavigation" time="0.481"/>
  <testcase classname="testcases.E2ETest" name="verifyLogout" time="0.153"/>
</testsuite> <!-- Default test -->
