<?xml version="1.0" encoding="UTF-8"?>
<!-- Generated by org.testng.reporters.JUnitXMLReporter -->
<testsuite ignored="0" hostname="Sudharshan" failures="0" tests="15" name="Test" time="24.512" errors="0" timestamp="2025-09-07T19:56:00 IST">
  <testcase classname="testcases.E2ETest" name="verifyLoginPage" time="2.315"/>
  <testcase classname="testcases.E2ETest" name="verifySortLowestToHighest" time="0.223"/>
  <testcase classname="testcases.E2ETest" name="verifySortHighestToLowest" time="0.189"/>
  <testcase classname="testcases.E2ETest" name="verifyGoogleFilter" time="0.107"/>
  <testcase classname="testcases.E2ETest" name="verifyAddPixel4" time="0.208"/>
  <testcase classname="testcases.E2ETest" name="verifyIncreaseQuantity" time="0.168"/>
  <testcase classname="testcases.E2ETest" name="verifyCloseCart" time="0.167"/>
  <testcase classname="testcases.E2ETest" name="verifyAddPixel3" time="0.164"/>
  <testcase classname="testcases.E2ETest" name="verifyCheckoutStart" time="0.533"/>
  <testcase classname="testcases.E2ETest" name="verifyAddressEntry" time="7.387"/>
  <testcase classname="testcases.E2ETest" name="verifyReceiptDownload" time="0.119"/>
  <testcase classname="testcases.E2ETest" name="verifyContinueShopping" time="0.29"/>
  <testcase classname="testcases.E2ETest" name="verifyAddPixel4ToFavourites" time="0.303"/>
  <testcase classname="testcases.E2ETest" name="verifyOfferPageNavigation" time="1.159"/>
  <testcase classname="testcases.E2ETest" name="verifyLogout" time="0.152"/>
</testsuite> <!-- Test -->
