<?xml version="1.0" encoding="UTF-8"?>
<!-- Generated by org.testng.reporters.JUnitXMLReporter -->
<testsuite ignored="0" hostname="Sudharshan" failures="0" tests="17" name="Surefire test" time="33.701" errors="0" timestamp="2025-09-09T13:13:06 IST">
  <testcase classname="io.cucumber.testng.AbstractTestNGCucumberTests" name="runScenario" time="8.514"/>
  <testcase classname="io.cucumber.testng.AbstractTestNGCucumberTests" name="runScenario" time="10.778"/>
  <testcase classname="testcases.E2ETest" name="verifyLoginPage" time="1.874"/>
  <testcase classname="testcases.E2ETest" name="verifySortLowestToHighest" time="0.173"/>
  <testcase classname="testcases.E2ETest" name="verifySortHighestToLowest" time="0.163"/>
  <testcase classname="testcases.E2ETest" name="verifyGoogleFilter" time="0.1"/>
  <testcase classname="testcases.E2ETest" name="verifyAddPixel4" time="0.18"/>
  <testcase classname="testcases.E2ETest" name="verifyIncreaseQuantity" time="0.658"/>
  <testcase classname="testcases.E2ETest" name="verifyCloseCart" time="0.112"/>
  <testcase classname="testcases.E2ETest" name="verifyAddPixel3" time="0.663"/>
  <testcase classname="testcases.E2ETest" name="verifyCheckoutStart" time="0.439"/>
  <testcase classname="testcases.E2ETest" name="verifyAddressEntry" time="1.25"/>
  <testcase classname="testcases.E2ETest" name="verifyReceiptDownload" time="0.127"/>
  <testcase classname="testcases.E2ETest" name="verifyContinueShopping" time="0.24"/>
  <testcase classname="testcases.E2ETest" name="verifyAddPixel4ToFavourites" time="0.213"/>
  <testcase classname="testcases.E2ETest" name="verifyOfferPageNavigation" time="0.478"/>
  <testcase classname="testcases.E2ETest" name="verifyLogout" time="0.127"/>
</testsuite> <!-- Surefire test -->
