<?xml version="1.0" encoding="UTF-8"?>
<!-- Generated by org.testng.reporters.JUnitXMLReporter -->
<testsuite ignored="0" hostname="Sudharshan" failures="0" tests="17" name="Surefire test" time="37.044" errors="0" timestamp="2025-09-09T12:17:51 IST">
  <testcase classname="io.cucumber.testng.AbstractTestNGCucumberTests" name="runScenario" time="9.331"/>
  <testcase classname="io.cucumber.testng.AbstractTestNGCucumberTests" name="runScenario" time="13.236"/>
  <testcase classname="testcases.E2ETest" name="verifyLoginPage" time="1.504"/>
  <testcase classname="testcases.E2ETest" name="verifySortLowestToHighest" time="0.229"/>
  <testcase classname="testcases.E2ETest" name="verifySortHighestToLowest" time="0.185"/>
  <testcase classname="testcases.E2ETest" name="verifyGoogleFilter" time="0.128"/>
  <testcase classname="testcases.E2ETest" name="verifyAddPixel4" time="0.205"/>
  <testcase classname="testcases.E2ETest" name="verifyIncreaseQuantity" time="0.697"/>
  <testcase classname="testcases.E2ETest" name="verifyCloseCart" time="0.15"/>
  <testcase classname="testcases.E2ETest" name="verifyAddPixel3" time="0.165"/>
  <testcase classname="testcases.E2ETest" name="verifyCheckoutStart" time="0.49"/>
  <testcase classname="testcases.E2ETest" name="verifyAddressEntry" time="1.471"/>
  <testcase classname="testcases.E2ETest" name="verifyReceiptDownload" time="0.136"/>
  <testcase classname="testcases.E2ETest" name="verifyContinueShopping" time="0.239"/>
  <testcase classname="testcases.E2ETest" name="verifyAddPixel4ToFavourites" time="0.802"/>
  <testcase classname="testcases.E2ETest" name="verifyOfferPageNavigation" time="0.527"/>
  <testcase classname="testcases.E2ETest" name="verifyLogout" time="0.208"/>
</testsuite> <!-- Surefire test -->
