<?xml version="1.0" encoding="UTF-8"?>
<testng-results ignored="0" total="17" passed="17" failed="0" skipped="0">
  <reporter-output>
  </reporter-output>
  <suite started-at="2025-09-09T13:20:52 IST" name="Surefire suite" finished-at="2025-09-09T13:21:29 IST" duration-ms="36560">
    <groups>
      <group name="cucumber">
        <method signature="AbstractTestNGCucumberTests.runScenario(io.cucumber.testng.PickleWrapper,io.cucumber.testng.FeatureWrapper)[pri:0, instance:runners.TestRunner@6dc17b83]" name="runScenario" class="io.cucumber.testng.AbstractTestNGCucumberTests"/>
      </group> <!-- cucumber -->
    </groups>
    <test started-at="2025-09-09T13:20:52 IST" name="Surefire test" finished-at="2025-09-09T13:21:29 IST" duration-ms="36560">
      <class name="testcases.E2ETest">
        <test-method is-config="true" signature="setUp()[pri:0, instance:testcases.E2ETest@6379eb]" started-at="2025-09-09T13:21:15 IST" name="setUp" finished-at="2025-09-09T13:21:22 IST" duration-ms="6658" status="PASS">
          <reporter-output>
          </reporter-output>
        </test-method> <!-- setUp -->
        <test-method is-config="true" signature="setupPages()[pri:0, instance:testcases.E2ETest@6379eb]" started-at="2025-09-09T13:21:22 IST" name="setupPages" finished-at="2025-09-09T13:21:22 IST" duration-ms="4" status="PASS">
          <reporter-output>
          </reporter-output>
        </test-method> <!-- setupPages -->
        <test-method signature="verifyLoginPage()[pri:1, instance:testcases.E2ETest@6379eb]" started-at="2025-09-09T13:21:22 IST" name="verifyLoginPage" finished-at="2025-09-09T13:21:23 IST" duration-ms="1241" status="PASS">
          <reporter-output>
          </reporter-output>
        </test-method> <!-- verifyLoginPage -->
        <test-method signature="verifySortLowestToHighest()[pri:2, instance:testcases.E2ETest@6379eb]" started-at="2025-09-09T13:21:23 IST" name="verifySortLowestToHighest" finished-at="2025-09-09T13:21:23 IST" depends-on-methods="testcases.E2ETest.verifyLoginPage" duration-ms="178" status="PASS">
          <reporter-output>
          </reporter-output>
        </test-method> <!-- verifySortLowestToHighest -->
        <test-method signature="verifySortHighestToLowest()[pri:3, instance:testcases.E2ETest@6379eb]" started-at="2025-09-09T13:21:23 IST" name="verifySortHighestToLowest" finished-at="2025-09-09T13:21:23 IST" depends-on-methods="testcases.E2ETest.verifySortLowestToHighest" duration-ms="145" status="PASS">
          <reporter-output>
          </reporter-output>
        </test-method> <!-- verifySortHighestToLowest -->
        <test-method signature="verifyGoogleFilter()[pri:4, instance:testcases.E2ETest@6379eb]" started-at="2025-09-09T13:21:23 IST" name="verifyGoogleFilter" finished-at="2025-09-09T13:21:23 IST" depends-on-methods="testcases.E2ETest.verifySortHighestToLowest" duration-ms="106" status="PASS">
          <reporter-output>
          </reporter-output>
        </test-method> <!-- verifyGoogleFilter -->
        <test-method signature="verifyAddPixel4()[pri:5, instance:testcases.E2ETest@6379eb]" started-at="2025-09-09T13:21:23 IST" name="verifyAddPixel4" finished-at="2025-09-09T13:21:23 IST" depends-on-methods="testcases.E2ETest.verifyGoogleFilter" duration-ms="140" status="PASS">
          <reporter-output>
          </reporter-output>
        </test-method> <!-- verifyAddPixel4 -->
        <test-method signature="verifyIncreaseQuantity()[pri:6, instance:testcases.E2ETest@6379eb]" started-at="2025-09-09T13:21:23 IST" name="verifyIncreaseQuantity" finished-at="2025-09-09T13:21:24 IST" depends-on-methods="testcases.E2ETest.verifyAddPixel4" duration-ms="652" status="PASS">
          <reporter-output>
          </reporter-output>
        </test-method> <!-- verifyIncreaseQuantity -->
        <test-method signature="verifyCloseCart()[pri:7, instance:testcases.E2ETest@6379eb]" started-at="2025-09-09T13:21:24 IST" name="verifyCloseCart" finished-at="2025-09-09T13:21:24 IST" depends-on-methods="testcases.E2ETest.verifyIncreaseQuantity" duration-ms="113" status="PASS">
          <reporter-output>
          </reporter-output>
        </test-method> <!-- verifyCloseCart -->
        <test-method signature="verifyAddPixel3()[pri:8, instance:testcases.E2ETest@6379eb]" started-at="2025-09-09T13:21:24 IST" name="verifyAddPixel3" finished-at="2025-09-09T13:21:24 IST" depends-on-methods="testcases.E2ETest.verifyCloseCart" duration-ms="124" status="PASS">
          <reporter-output>
          </reporter-output>
        </test-method> <!-- verifyAddPixel3 -->
        <test-method signature="verifyCheckoutStart()[pri:9, instance:testcases.E2ETest@6379eb]" started-at="2025-09-09T13:21:24 IST" name="verifyCheckoutStart" finished-at="2025-09-09T13:21:25 IST" depends-on-methods="testcases.E2ETest.verifyAddPixel3" duration-ms="437" status="PASS">
          <reporter-output>
          </reporter-output>
        </test-method> <!-- verifyCheckoutStart -->
        <test-method signature="verifyAddressEntry()[pri:10, instance:testcases.E2ETest@6379eb]" started-at="2025-09-09T13:21:25 IST" name="verifyAddressEntry" finished-at="2025-09-09T13:21:27 IST" depends-on-methods="testcases.E2ETest.verifyCheckoutStart" duration-ms="2210" status="PASS">
          <reporter-output>
          </reporter-output>
        </test-method> <!-- verifyAddressEntry -->
        <test-method signature="verifyReceiptDownload()[pri:11, instance:testcases.E2ETest@6379eb]" started-at="2025-09-09T13:21:27 IST" name="verifyReceiptDownload" finished-at="2025-09-09T13:21:27 IST" depends-on-methods="testcases.E2ETest.verifyAddressEntry" duration-ms="102" status="PASS">
          <reporter-output>
          </reporter-output>
        </test-method> <!-- verifyReceiptDownload -->
        <test-method signature="verifyContinueShopping()[pri:12, instance:testcases.E2ETest@6379eb]" started-at="2025-09-09T13:21:27 IST" name="verifyContinueShopping" finished-at="2025-09-09T13:21:27 IST" depends-on-methods="testcases.E2ETest.verifyReceiptDownload" duration-ms="208" status="PASS">
          <reporter-output>
          </reporter-output>
        </test-method> <!-- verifyContinueShopping -->
        <test-method signature="verifyAddPixel4ToFavourites()[pri:13, instance:testcases.E2ETest@6379eb]" started-at="2025-09-09T13:21:27 IST" name="verifyAddPixel4ToFavourites" finished-at="2025-09-09T13:21:28 IST" depends-on-methods="testcases.E2ETest.verifyContinueShopping" duration-ms="802" status="PASS">
          <reporter-output>
          </reporter-output>
        </test-method> <!-- verifyAddPixel4ToFavourites -->
        <test-method signature="verifyOfferPageNavigation()[pri:14, instance:testcases.E2ETest@6379eb]" started-at="2025-09-09T13:21:28 IST" name="verifyOfferPageNavigation" finished-at="2025-09-09T13:21:29 IST" depends-on-methods="testcases.E2ETest.verifyAddPixel4ToFavourites" duration-ms="482" status="PASS">
          <reporter-output>
          </reporter-output>
        </test-method> <!-- verifyOfferPageNavigation -->
        <test-method signature="verifyLogout()[pri:15, instance:testcases.E2ETest@6379eb]" started-at="2025-09-09T13:21:29 IST" name="verifyLogout" finished-at="2025-09-09T13:21:29 IST" depends-on-methods="testcases.E2ETest.verifyOfferPageNavigation" duration-ms="124" status="PASS">
          <reporter-output>
          </reporter-output>
        </test-method> <!-- verifyLogout -->
        <test-method is-config="true" signature="tearDown()[pri:0, instance:testcases.E2ETest@6379eb]" started-at="2025-09-09T13:21:29 IST" name="tearDown" finished-at="2025-09-09T13:21:29 IST" duration-ms="177" status="PASS">
          <reporter-output>
          </reporter-output>
        </test-method> <!-- tearDown -->
        <test-method is-config="true" signature="tearDownSuite()[pri:0, instance:testcases.E2ETest@6379eb]" started-at="2025-09-09T13:21:29 IST" name="tearDownSuite" finished-at="2025-09-09T13:21:29 IST" duration-ms="0" status="PASS">
          <reporter-output>
          </reporter-output>
        </test-method> <!-- tearDownSuite -->
      </class> <!-- testcases.E2ETest -->
      <class name="runners.TestRunner">
        <test-method is-config="true" signature="setUpClass(org.testng.ITestContext)[pri:0, instance:runners.TestRunner@6dc17b83]" started-at="2025-09-09T13:20:52 IST" name="setUpClass" finished-at="2025-09-09T13:20:53 IST" duration-ms="596" status="PASS">
          <params>
            <param index="0">
              <value>
                <![CDATA[org.testng.TestRunner@2726a511]]>
              </value>
            </param>
          </params>
          <reporter-output>
          </reporter-output>
        </test-method> <!-- setUpClass -->
        <test-method signature="runScenario(io.cucumber.testng.PickleWrapper,io.cucumber.testng.FeatureWrapper)[pri:0, instance:runners.TestRunner@6dc17b83]" started-at="2025-09-09T13:20:53 IST" name="runScenario" description="Runs Cucumber Scenarios" data-provider="scenarios" finished-at="2025-09-09T13:21:03 IST" duration-ms="10529" status="PASS">
          <params>
            <param index="0">
              <value>
                <![CDATA["Invalid user logs in"]]>
              </value>
            </param>
            <param index="1">
              <value>
                <![CDATA["Login Functionality"]]>
              </value>
            </param>
          </params>
          <reporter-output>
          </reporter-output>
        </test-method> <!-- runScenario -->
        <test-method signature="runScenario(io.cucumber.testng.PickleWrapper,io.cucumber.testng.FeatureWrapper)[pri:0, instance:runners.TestRunner@6dc17b83]" started-at="2025-09-09T13:21:03 IST" name="runScenario" description="Runs Cucumber Scenarios" data-provider="scenarios" finished-at="2025-09-09T13:21:15 IST" duration-ms="11409" status="PASS">
          <params>
            <param index="0">
              <value>
                <![CDATA["Valid user logs in"]]>
              </value>
            </param>
            <param index="1">
              <value>
                <![CDATA["Login Functionality"]]>
              </value>
            </param>
          </params>
          <reporter-output>
          </reporter-output>
        </test-method> <!-- runScenario -->
        <test-method is-config="true" signature="tearDownClass()[pri:0, instance:runners.TestRunner@6dc17b83]" started-at="2025-09-09T13:21:15 IST" name="tearDownClass" finished-at="2025-09-09T13:21:15 IST" duration-ms="57" status="PASS">
          <reporter-output>
          </reporter-output>
        </test-method> <!-- tearDownClass -->
      </class> <!-- runners.TestRunner -->
    </test> <!-- Surefire test -->
  </suite> <!-- Surefire suite -->
</testng-results>
