<?xml version="1.0" encoding="UTF-8"?>
<testsuite xmlns:xsi="http://www.w3.org/2001/XMLSchema-instance" xsi:noNamespaceSchemaLocation="https://maven.apache.org/surefire/maven-surefire-plugin/xsd/surefire-test-report-3.0.xsd" version="3.0" name="TestSuite" time="48.51" tests="18" errors="0" skipped="0" failures="0">
  <properties>
[...]
</properties>
  <testcase name="runScenario[&quot;Invalid user logs in&quot;, &quot;Login Functionality&quot;](1)" classname="runners.TestRunner" time="13.294">
    <system-out><![CDATA[
Scenario: Invalid user logs in                                # src/test/resources/features/Login.feature:3
  Given the user enters username "wrong" and password "wrong" # stepDefinitions.LoginSteps.the_user_enters_username_and_password(java.lang.String,java.lang.String)
  When the user logs in                                       # stepDefinitions.LoginSteps.the_user_logs_in()
  Then the user should not be logged in                       # stepDefinitions.LoginSteps.the_user_should_not_be_logged_in()
]]></system-out>
    <system-err><![CDATA[Sep 09, 2025 12:19:16 PM org.openqa.selenium.devtools.CdpVersionFinder findNearestMatch
WARNING: Unable to find CDP implementation matching 140
Sep 09, 2025 12:19:16 PM org.openqa.selenium.chromium.ChromiumDriver lambda$new$5
WARNING: Unable to find version of CDP to use for 140.0.7339.80. You may need to include a dependency on a specific version of the CDP using something similar to `org.seleniumhq.selenium:selenium-devtools-v86:4.11.0` where the version ("v86") matches the version of the chromium-based browser you're using and the version number of the artifact is the same as Selenium's.
]]></system-err>
  </testcase>
  <testcase name="runScenario[&quot;Valid user logs in&quot;, &quot;Login Functionality&quot;](2)" classname="runners.TestRunner" time="10.487">
    <system-out><![CDATA[
Scenario: Valid user logs in                                              # src/test/resources/features/Login.feature:8
  Given the user enters username "demouser" and password "testingisfun99" # stepDefinitions.LoginSteps.the_user_enters_username_and_password(java.lang.String,java.lang.String)
  When the user logs in                                                   # stepDefinitions.LoginSteps.the_user_logs_in()
  Then the user should be logged in successfully                          # stepDefinitions.LoginSteps.the_user_should_be_logged_in_successfully()
]]></system-out>
    <system-err><![CDATA[Sep 09, 2025 12:19:29 PM org.openqa.selenium.devtools.CdpVersionFinder findNearestMatch
WARNING: Unable to find CDP implementation matching 140
Sep 09, 2025 12:19:29 PM org.openqa.selenium.chromium.ChromiumDriver lambda$new$5
WARNING: Unable to find version of CDP to use for 140.0.7339.80. You may need to include a dependency on a specific version of the CDP using something similar to `org.seleniumhq.selenium:selenium-devtools-v86:4.11.0` where the version ("v86") matches the version of the chromium-based browser you're using and the version number of the artifact is the same as Selenium's.
]]></system-err>
  </testcase>
  <testcase name="verifyLoginPage" classname="testcases.E2ETest" time="2.165">
    <system-err><![CDATA[┌───────────────────────────────────────────────────────────────────────────────────┐
│ Share your Cucumber Report with your team at https://reports.cucumber.io          │
│ Activate publishing with one of the following:                                    │
│                                                                                   │
│ src/test/resources/cucumber.properties:          cucumber.publish.enabled=true    │
│ src/test/resources/junit-platform.properties:    cucumber.publish.enabled=true    │
│ Environment variable:                            CUCUMBER_PUBLISH_ENABLED=true    │
│ JUnit:                                           @CucumberOptions(publish = true) │
│                                                                                   │
│ More information at https://cucumber.io/docs/cucumber/environment-variables/      │
│                                                                                   │
│ Disable this message with one of the following:                                   │
│                                                                                   │
│ src/test/resources/cucumber.properties:          cucumber.publish.quiet=true      │
│ src/test/resources/junit-platform.properties:    cucumber.publish.quiet=true      │
└───────────────────────────────────────────────────────────────────────────────────┘
Sep 09, 2025 12:19:39 PM org.openqa.selenium.devtools.CdpVersionFinder findNearestMatch
WARNING: Unable to find CDP implementation matching 140
Sep 09, 2025 12:19:39 PM org.openqa.selenium.chromium.ChromiumDriver lambda$new$5
WARNING: Unable to find version of CDP to use for 140.0.7339.80. You may need to include a dependency on a specific version of the CDP using something similar to `org.seleniumhq.selenium:selenium-devtools-v86:4.11.0` where the version ("v86") matches the version of the chromium-based browser you're using and the version number of the artifact is the same as Selenium's.
]]></system-err>
  </testcase>
  <testcase name="verifySortLowestToHighest" classname="testcases.E2ETest" time="0.227"/>
  <testcase name="verifySortHighestToLowest" classname="testcases.E2ETest" time="0.189"/>
  <testcase name="verifyGoogleFilter" classname="testcases.E2ETest" time="0.138"/>
  <testcase name="verifyAddPixel4" classname="testcases.E2ETest" time="0.218">
    <system-out><![CDATA[DEBUG → Product found: Google
Quantity: 1
]]></system-out>
  </testcase>
  <testcase name="verifyIncreaseQuantity" classname="testcases.E2ETest" time="0.201"/>
  <testcase name="verifyCloseCart" classname="testcases.E2ETest" time="0.171"/>
  <testcase name="verifyAddPixel3" classname="testcases.E2ETest" time="0.186">
    <system-out><![CDATA[DEBUG → Product found: Google
Quantity: 1
]]></system-out>
  </testcase>
  <testcase name="verifyCheckoutStart" classname="testcases.E2ETest" time="0.506"/>
  <testcase name="verifyAddressEntry" classname="testcases.E2ETest" time="4.704"/>
  <testcase name="verifyReceiptDownload" classname="testcases.E2ETest" time="0.166"/>
  <testcase name="verifyContinueShopping" classname="testcases.E2ETest" time="0.253"/>
  <testcase name="verifyAddPixel4ToFavourites" classname="testcases.E2ETest" time="0.291"/>
  <testcase name="verifyOfferPageNavigation" classname="testcases.E2ETest" time="0.548"/>
  <testcase name="verifyLogout" classname="testcases.E2ETest" time="0.178"/>
  <testcase name="testApp on testApp(com.example.AppTest)" classname="com.example.AppTest" time="0.001">
    <system-err><![CDATA[[main] WARN org.testng.TestRunner - Support to run JUnit tests using TestNG stands deprecated and will be removed in future versions. You can now use the JUnit5 TestNG engine to run both JUnit and TestNG tests. For more information refer to https://github.com/junit-team/testng-engine .
]]></system-err>
  </testcase>
</testsuite>