<?xml version="1.0" encoding="UTF-8"?>
<testng-results ignored="0" total="15" passed="15" failed="0" skipped="0">
  <reporter-output>
  </reporter-output>
  <suite started-at="2025-09-07T19:55:35 IST" name="Suite" finished-at="2025-09-07T19:55:59 IST" duration-ms="24512">
    <groups>
    </groups>
    <test started-at="2025-09-07T19:55:35 IST" name="Test" finished-at="2025-09-07T19:55:59 IST" duration-ms="24512">
      <class name="testcases.E2ETest">
        <test-method is-config="true" signature="setUp()[pri:0, instance:testcases.E2ETest@2925bf5b]" started-at="2025-09-07T19:55:35 IST" name="setUp" finished-at="2025-09-07T19:55:42 IST" duration-ms="7003" status="PASS">
          <reporter-output>
          </reporter-output>
        </test-method> <!-- setUp -->
        <test-method is-config="true" signature="setupPages()[pri:0, instance:testcases.E2ETest@2925bf5b]" started-at="2025-09-07T19:55:42 IST" name="setupPages" finished-at="2025-09-07T19:55:42 IST" duration-ms="9" status="PASS">
          <reporter-output>
          </reporter-output>
        </test-method> <!-- setupPages -->
        <test-method signature="verifyLoginPage()[pri:1, instance:testcases.E2ETest@2925bf5b]" started-at="2025-09-07T19:55:42 IST" name="verifyLoginPage" finished-at="2025-09-07T19:55:44 IST" duration-ms="2315" status="PASS">
          <reporter-output>
          </reporter-output>
        </test-method> <!-- verifyLoginPage -->
        <test-method signature="verifySortLowestToHighest()[pri:2, instance:testcases.E2ETest@2925bf5b]" started-at="2025-09-07T19:55:45 IST" name="verifySortLowestToHighest" finished-at="2025-09-07T19:55:45 IST" depends-on-methods="testcases.E2ETest.verifyLoginPage" duration-ms="223" status="PASS">
          <reporter-output>
          </reporter-output>
        </test-method> <!-- verifySortLowestToHighest -->
        <test-method signature="verifySortHighestToLowest()[pri:3, instance:testcases.E2ETest@2925bf5b]" started-at="2025-09-07T19:55:45 IST" name="verifySortHighestToLowest" finished-at="2025-09-07T19:55:45 IST" depends-on-methods="testcases.E2ETest.verifySortLowestToHighest" duration-ms="189" status="PASS">
          <reporter-output>
          </reporter-output>
        </test-method> <!-- verifySortHighestToLowest -->
        <test-method signature="verifyGoogleFilter()[pri:4, instance:testcases.E2ETest@2925bf5b]" started-at="2025-09-07T19:55:46 IST" name="verifyGoogleFilter" finished-at="2025-09-07T19:55:46 IST" depends-on-methods="testcases.E2ETest.verifySortHighestToLowest" duration-ms="107" status="PASS">
          <reporter-output>
          </reporter-output>
        </test-method> <!-- verifyGoogleFilter -->
        <test-method signature="verifyAddPixel4()[pri:5, instance:testcases.E2ETest@2925bf5b]" started-at="2025-09-07T19:55:46 IST" name="verifyAddPixel4" finished-at="2025-09-07T19:55:46 IST" depends-on-methods="testcases.E2ETest.verifyGoogleFilter" duration-ms="208" status="PASS">
          <reporter-output>
          </reporter-output>
        </test-method> <!-- verifyAddPixel4 -->
        <test-method signature="verifyIncreaseQuantity()[pri:6, instance:testcases.E2ETest@2925bf5b]" started-at="2025-09-07T19:55:46 IST" name="verifyIncreaseQuantity" finished-at="2025-09-07T19:55:47 IST" depends-on-methods="testcases.E2ETest.verifyAddPixel4" duration-ms="168" status="PASS">
          <reporter-output>
          </reporter-output>
        </test-method> <!-- verifyIncreaseQuantity -->
        <test-method signature="verifyCloseCart()[pri:7, instance:testcases.E2ETest@2925bf5b]" started-at="2025-09-07T19:55:47 IST" name="verifyCloseCart" finished-at="2025-09-07T19:55:47 IST" depends-on-methods="testcases.E2ETest.verifyIncreaseQuantity" duration-ms="167" status="PASS">
          <reporter-output>
          </reporter-output>
        </test-method> <!-- verifyCloseCart -->
        <test-method signature="verifyAddPixel3()[pri:8, instance:testcases.E2ETest@2925bf5b]" started-at="2025-09-07T19:55:47 IST" name="verifyAddPixel3" finished-at="2025-09-07T19:55:47 IST" depends-on-methods="testcases.E2ETest.verifyCloseCart" duration-ms="164" status="PASS">
          <reporter-output>
          </reporter-output>
        </test-method> <!-- verifyAddPixel3 -->
        <test-method signature="verifyCheckoutStart()[pri:9, instance:testcases.E2ETest@2925bf5b]" started-at="2025-09-07T19:55:48 IST" name="verifyCheckoutStart" finished-at="2025-09-07T19:55:48 IST" depends-on-methods="testcases.E2ETest.verifyAddPixel3" duration-ms="533" status="PASS">
          <reporter-output>
          </reporter-output>
        </test-method> <!-- verifyCheckoutStart -->
        <test-method signature="verifyAddressEntry()[pri:10, instance:testcases.E2ETest@2925bf5b]" started-at="2025-09-07T19:55:48 IST" name="verifyAddressEntry" finished-at="2025-09-07T19:55:56 IST" depends-on-methods="testcases.E2ETest.verifyCheckoutStart" duration-ms="7387" status="PASS">
          <reporter-output>
          </reporter-output>
        </test-method> <!-- verifyAddressEntry -->
        <test-method signature="verifyReceiptDownload()[pri:11, instance:testcases.E2ETest@2925bf5b]" started-at="2025-09-07T19:55:56 IST" name="verifyReceiptDownload" finished-at="2025-09-07T19:55:56 IST" depends-on-methods="testcases.E2ETest.verifyAddressEntry" duration-ms="119" status="PASS">
          <reporter-output>
          </reporter-output>
        </test-method> <!-- verifyReceiptDownload -->
        <test-method signature="verifyContinueShopping()[pri:12, instance:testcases.E2ETest@2925bf5b]" started-at="2025-09-07T19:55:56 IST" name="verifyContinueShopping" finished-at="2025-09-07T19:55:56 IST" depends-on-methods="testcases.E2ETest.verifyReceiptDownload" duration-ms="290" status="PASS">
          <reporter-output>
          </reporter-output>
        </test-method> <!-- verifyContinueShopping -->
        <test-method signature="verifyAddPixel4ToFavourites()[pri:13, instance:testcases.E2ETest@2925bf5b]" started-at="2025-09-07T19:55:57 IST" name="verifyAddPixel4ToFavourites" finished-at="2025-09-07T19:55:57 IST" depends-on-methods="testcases.E2ETest.verifyContinueShopping" duration-ms="303" status="PASS">
          <reporter-output>
          </reporter-output>
        </test-method> <!-- verifyAddPixel4ToFavourites -->
        <test-method signature="verifyOfferPageNavigation()[pri:14, instance:testcases.E2ETest@2925bf5b]" started-at="2025-09-07T19:55:57 IST" name="verifyOfferPageNavigation" finished-at="2025-09-07T19:55:58 IST" depends-on-methods="testcases.E2ETest.verifyAddPixel4ToFavourites" duration-ms="1159" status="PASS">
          <reporter-output>
          </reporter-output>
        </test-method> <!-- verifyOfferPageNavigation -->
        <test-method signature="verifyLogout()[pri:15, instance:testcases.E2ETest@2925bf5b]" started-at="2025-09-07T19:55:58 IST" name="verifyLogout" finished-at="2025-09-07T19:55:59 IST" depends-on-methods="testcases.E2ETest.verifyOfferPageNavigation" duration-ms="152" status="PASS">
          <reporter-output>
          </reporter-output>
        </test-method> <!-- verifyLogout -->
        <test-method is-config="true" signature="tearDown()[pri:0, instance:testcases.E2ETest@2925bf5b]" started-at="2025-09-07T19:55:59 IST" name="tearDown" finished-at="2025-09-07T19:55:59 IST" duration-ms="371" status="PASS">
          <reporter-output>
          </reporter-output>
        </test-method> <!-- tearDown -->
        <test-method is-config="true" signature="tearDownSuite()[pri:0, instance:testcases.E2ETest@2925bf5b]" started-at="2025-09-07T19:55:59 IST" name="tearDownSuite" finished-at="2025-09-07T19:55:59 IST" duration-ms="1" status="PASS">
          <reporter-output>
          </reporter-output>
        </test-method> <!-- tearDownSuite -->
      </class> <!-- testcases.E2ETest -->
    </test> <!-- Test -->
  </suite> <!-- Suite -->
</testng-results>
